2025/06/21 17:46:06 Agent 001: alol
2025/06/21 17:46:08 Agent 001: alalala
2025/06/21 17:46:08 Agent 001: a
2025/06/21 17:46:08 Agent 001: alal
2025/06/21 17:46:08 Agent 001: a
2025/06/21 17:46:09 Agent 001: ala
2025/06/21 17:46:09 Agent 001: al
2025/06/21 17:46:09 Agent 001: al
2025/06/21 17:46:09 Agent 001: al
2025/06/21 17:46:10 Agent 001: al
2025/06/21 17:46:10 Agent 001: ala
2025/06/21 17:46:10 Agent 001: la
2025/06/21 17:46:10 Agent 001: la
2025/06/21 17:46:10 Agent 001: la
2025/06/21 17:46:11 Agent 001: al
2025/06/21 17:46:13 Agent 001: al
2025/06/21 17:57:14 Agent 001: 1
2025/06/21 17:57:16 Agent 001: 2
2025/06/21 17:57:17 Agent 001: 
2025/06/21 17:57:26 Agent 001: 3
2025/06/21 17:57:26 Agent 001: // This file is part of the OpenCTI project.
2025/06/21 17:57:39 Agent 001: //
2025/06/21 17:57:46 Agent 001: distribution//
2025/06/21 17:58:16 Agent 001: ds
2025/06/21 17:58:20 Agent 001: // It is subject to the license terms in the LICENSE file found in the top-level directory
2025/06/21 17:58:25 Agent 001: // It is subject to the license terms in the LICENSE file found in the top-level directory
2025/06/21 17:58:25 Agent 001: 
2025/06/21 18:02:43 Agent 001: la
2025/06/21 18:02:45 Agent 001: 2
2025/06/21 18:02:47 Agent 001: 
