INFO: 2025/06/21 17:45:57 Đã tải 1 client đã đăng ký.
INFO: 2025/06/21 17:45:57 API server đang khởi động trên cổng 8081...
INFO: 2025/06/21 17:45:57 Server TCP đang lắng nghe trên cổng 8080
INFO: 2025/06/21 17:46:04 Một client mới đã kết nối, đang chờ đăng ký...
INFO: 2025/06/21 17:46:06 Đã nhận tin nhắn từ Agent 001
INFO: 2025/06/21 17:46:08 Đã nhận tin nhắn từ Agent 001
INFO: 2025/06/21 17:46:08 Đã nhận tin nhắn từ Agent 001
INFO: 2025/06/21 17:46:08 Đã nhận tin nhắn từ Agent 001
INFO: 2025/06/21 17:46:08 Đã nhận tin nhắn từ Agent 001
INFO: 2025/06/21 17:46:09 Đã nhận tin nhắn từ Agent 001
INFO: 2025/06/21 17:46:09 Đã nhận tin nhắn từ Agent 001
INFO: 2025/06/21 17:46:09 Đã nhận tin nhắn từ Agent 001
INFO: 2025/06/21 17:46:09 Đã nhận tin nhắn từ Agent 001
INFO: 2025/06/21 17:46:10 Đã nhận tin nhắn từ Agent 001
INFO: 2025/06/21 17:46:10 Đã nhận tin nhắn từ Agent 001
INFO: 2025/06/21 17:46:10 Đã nhận tin nhắn từ Agent 001
INFO: 2025/06/21 17:46:10 Đã nhận tin nhắn từ Agent 001
INFO: 2025/06/21 17:46:10 Đã nhận tin nhắn từ Agent 001
INFO: 2025/06/21 17:46:11 Đã nhận tin nhắn từ Agent 001
INFO: 2025/06/21 17:46:13 Đã nhận tin nhắn từ Agent 001
ERROR: 2025/06/21 17:47:29 tcp_handler.go:61: Lỗi khi đọc từ client: read tcp [::1]:8080->[::1]:52179: wsarecv: An existing connection was forcibly closed by the remote host.
INFO: 2025/06/21 17:57:05 Một client mới đã kết nối, đang chờ đăng ký...
INFO: 2025/06/21 17:57:14 Đã nhận tin nhắn từ Agent 001
INFO: 2025/06/21 17:57:16 Đã nhận tin nhắn từ Agent 001
INFO: 2025/06/21 17:57:17 Đã nhận tin nhắn từ Agent 001
INFO: 2025/06/21 17:57:26 Đã nhận tin nhắn từ Agent 001
INFO: 2025/06/21 17:57:26 Đã nhận tin nhắn từ Agent 001
ERROR: 2025/06/21 17:57:26 tcp_handler.go:74: Lỗi unmarshal JSON từ [::1]:52616: invalid character '²' after top-level value
INFO: 2025/06/21 17:57:39 Đã nhận tin nhắn từ Agent 001
INFO: 2025/06/21 17:57:46 Đã nhận tin nhắn từ Agent 001
INFO: 2025/06/21 17:58:16 Đã nhận tin nhắn từ Agent 001
INFO: 2025/06/21 17:58:20 Đã nhận tin nhắn từ Agent 001
INFO: 2025/06/21 17:58:25 Đã nhận tin nhắn từ Agent 001
ERROR: 2025/06/21 17:58:25 tcp_handler.go:74: Lỗi unmarshal JSON từ [::1]:52616: invalid character 'ä' after top-level value
INFO: 2025/06/21 17:58:25 Đã nhận tin nhắn từ Agent 001
ERROR: 2025/06/21 17:59:03 cli_handler.go:19: Lỗi khi đọc từ CLI: EOF
INFO: 2025/06/21 18:02:24 Đã tải 1 client đã đăng ký.
INFO: 2025/06/21 18:02:24 API server đang khởi động trên cổng 8081...
INFO: 2025/06/21 18:02:24 Server TCP đang lắng nghe trên cổng 8080
INFO: 2025/06/21 18:02:30 Một client mới đã kết nối, đang chờ đăng ký...
INFO: 2025/06/21 18:02:43 Đã nhận tin nhắn từ Agent 001
INFO: 2025/06/21 18:02:45 Đã nhận tin nhắn từ Agent 001
INFO: 2025/06/21 18:02:47 Đã nhận tin nhắn từ Agent 001
ERROR: 2025/06/21 18:03:09 tcp_handler.go:65: Lỗi khi đọc độ dài tin nhắn từ client [::1]:52899: read tcp [::1]:8080->[::1]:52899: wsarecv: An existing connection was forcibly closed by the remote host.
